ag241		uclibc		nfsroot
foxboard	uclibc		nfsroot
foxg20		uclibc		nfsroot
foxg20		eglibc		nfsroot
rb4xx		uclibc		nfsroot
rb4xx		eglibc		nfsroot
rb4xx		glibc		nfsroot
rb532		uclibc		nfsroot
rb532		eglibc		nfsroot
rb532		glibc		nfsroot
alix		uclibc		nfsroot
alix		eglibc		nfsroot
alix		glibc		nfsroot
wrap		uclibc		nfsroot
wrap		eglibc		nfsroot
wrap		glibc		nfsroot
arm		uclibc		archive		qemu
arm		eglibc		archive		qemu
arm		glibc		archive		qemu
armel		uclibc		archive		qemu
armel		eglibc		archive		qemu
armel		glibc		archive		qemu
mips		uclibc		archive		qemu
mips		eglibc		archive		qemu
mips		glibc		archive		qemu
mips64		uclibc		archive		qemu
mips64		eglibc		archive		qemu
mipsel		uclibc		archive		qemu
mipsel		eglibc		archive		qemu
mipsel		glibc		archive		qemu
mips64el		uclibc		archive		qemu
mips64el		eglibc		archive		qemu
ppc		uclibc		archive		qemu
ppc		eglibc		archive		qemu
ppc		glibc		archive		qemu
sparc		uclibc		archive		qemu
sparc		eglibc		archive		qemu
sparc		glibc		archive		qemu
x86		uclibc		archive		qemu
x86		eglibc		archive		qemu
x86		glibc		archive		qemu
x86_64		uclibc		archive		qemu
x86_64		eglibc		archive		qemu
