ag241		uclibc		nfsroot
ag241		uclibc		squashfs
foxboard	uclibc		nfsroot
foxboard	uclibc		squashfs
foxg20		uclibc		nfsroot
foxg20		uclibc		ext2-block
rb4xx		uclibc		nfsroot
rb4xx		eglibc		nfsroot
rb4xx		glibc		nfsroot
rb4xx		uclibc		yaffs
rb4xx		eglibc		yaffs
rb4xx		glibc		yaffs
rb532		uclibc		nfsroot
rb532		eglibc		nfsroot
rb532		glibc		nfsroot
rb532		uclibc		yaffs
rb532		eglibc		yaffs
rb532		glibc		yaffs
rb532		uclibc		ext2-block
rb532		eglibc		ext2-block
rb532		glibc		ext2-block
alix1c		uclibc		nfsroot
alix1c		eglibc		nfsroot
alix1c		glibc		nfsroot
wrap		uclibc		nfsroot
wrap		eglibc		nfsroot
wrap		glibc		nfsroot
arm_qemu	uclibc		archive
arm_qemu	eglibc		archive
arm_qemu	glibc		archive
mips_qemu	uclibc		archive
mips_qemu	eglibc		archive
mips_qemu	glibc		archive
mipsel_qemu	uclibc		archive
mipsel_qemu	eglibc		archive
mipsel_qemu	glibc		archive
x86_qemu	uclibc		archive
x86_qemu	eglibc		archive
x86_qemu	glibc		archive
x86_64_qemu	uclibc		archive
x86_64_qemu	eglibc		archive
x86_64_qemu	glibc		archive
lemote		eglibc		archive
lemote		glibc		archive
ibmx40		uclibc		archive
ibmx40		eglibc		archive
ibmx40		glibc		archive
shuttle		uclibc		archive
shuttle		eglibc		archive
shuttle		glibc		archive
